#
# There is insufficient memory for the Java Runtime Environment to continue.
# Native memory allocation (malloc) failed to allocate 956496 bytes for Chunk::new
# Possible reasons:
#   The system is out of physical RAM or swap space
#   The process is running with CompressedOops enabled, and the Java Heap may be blocking the growth of the native heap
# Possible solutions:
#   Reduce memory load on the system
#   Increase physical memory or swap space
#   Check if swap backing store is full
#   Decrease Java heap size (-Xmx/-Xms)
#   Decrease number of Java threads
#   Decrease Java thread stack sizes (-Xss)
#   Set larger code cache with -XX:ReservedCodeCacheSize=
#   JVM is running with Unscaled Compressed Oops mode in which the Java heap is
#     placed in the first 4GB address space. The Java Heap base address is the
#     maximum limit for the native heap growth. Please use -XX:HeapBaseMinAddress
#     to set the Java Heap base and to place the Java Heap above 4GB virtual address.
# This output file may be truncated or incomplete.
#
#  Out of Memory Error (t:/workspace/open/src/hotspot/share/memory/arena.cpp:197), pid=11812, tid=7344
#
# JRE version: OpenJDK Runtime Environment (11.0+28) (build 11+28)
# Java VM: OpenJDK 64-Bit Server VM (11+28, mixed mode, tiered, compressed oops, g1 gc, windows-amd64)
# No core dump will be written. Minidumps are not enabled by default on client versions of Windows
#

---------------  S U M M A R Y ------------

Command Line: -javaagent:C:\Program Files\JetBrains\IntelliJ IDEA Community Edition 2022.1.2\lib\idea_rt.jar=59930:C:\Program Files\JetBrains\IntelliJ IDEA Community Edition 2022.1.2\bin -Dfile.encoding=UTF-8 webshop.webshop.OrdersQueryApplication

Host: Intel(R) Xeon(R) Gold 6248R CPU @ 3.00GHz, 4 cores, 7G,  Windows 10 , 64 bit Build 19041 (10.0.19041.1741)
Time: Wed Aug 10 21:57:01 2022 Central Daylight Time elapsed time: 5721 seconds (0d 1h 35m 21s)

---------------  T H R E A D  ---------------

Current thread (0x000001c19aa62800):  JavaThread "C2 CompilerThread1" daemon [_thread_in_native, id=7344, stack(0x0000009175900000,0x0000009175a00000)]


Current CompileTask:
C2:5721100 10132       4       org.springframework.core.ResolvableType::resolveType (151 bytes)

Stack: [0x0000009175900000,0x0000009175a00000]
Native frames: (J=compiled Java code, j=interpreted, Vv=VM code, C=native code)
V  [jvm.dll+0x63adaa]
V  [jvm.dll+0x77852f]
V  [jvm.dll+0x779b18]
V  [jvm.dll+0x77a1d3]
V  [jvm.dll+0x2624c8]
V  [jvm.dll+0xc5b61]
V  [jvm.dll+0xc60fc]
V  [jvm.dll+0x2d0c84]
V  [jvm.dll+0x552d0f]
V  [jvm.dll+0x21e4af]
V  [jvm.dll+0x21b3e6]
V  [jvm.dll+0x198400]
V  [jvm.dll+0x22a4ff]
V  [jvm.dll+0x228b18]
V  [jvm.dll+0x73dc3d]
V  [jvm.dll+0x639e42]
C  [ucrtbase.dll+0x21bb2]
C  [KERNEL32.DLL+0x17034]
C  [ntdll.dll+0x52651]


---------------  P R O C E S S  ---------------

Threads class SMR info:
_java_thread_list=0x000001c19d09e560, length=47, elements={
0x000001c197239000, 0x000001c19725a800, 0x000001c1972ca800, 0x000001c1972cd800,
0x000001c1972cf000, 0x000001c1972d1800, 0x000001c1972d6800, 0x000001c1ff50f800,
0x000001c197a0c800, 0x000001c197adf800, 0x000001c19c1bf000, 0x000001c19bf12800,
0x000001c19bfc4800, 0x000001c19e6f7800, 0x000001c19a754800, 0x000001c19c498800,
0x000001c1977c2000, 0x000001c19d4de000, 0x000001c1a003b000, 0x000001c1a003c000,
0x000001c1a0039800, 0x000001c1a003c800, 0x000001c1a003a000, 0x000001c1a003f000,
0x000001c1a003d800, 0x000001c1a003e000, 0x000001c1a0040000, 0x000001c19e9ab800,
0x000001c19e9aa800, 0x000001c19e9a6800, 0x000001c19e9a7000, 0x000001c19e9a8000,
0x000001c19e9ae000, 0x000001c19e9ae800, 0x000001c19e9a9800, 0x000001c19e9a9000,
0x000001c19e9af800, 0x000001c19e9b2000, 0x000001c19e9ac000, 0x000001c19e9b0000,
0x000001c19e9b2800, 0x000001c19e9b1000, 0x000001c19e9ad000, 0x000001c19e9b3800,
0x000001c19e9b4800, 0x000001c19e9b5000, 0x000001c19aa62800
}

Java Threads: ( => current thread )
  0x000001c197239000 JavaThread "Reference Handler" daemon [_thread_blocked, id=12548, stack(0x0000009176200000,0x0000009176300000)]
  0x000001c19725a800 JavaThread "Finalizer" daemon [_thread_blocked, id=12388, stack(0x0000009176300000,0x0000009176400000)]
  0x000001c1972ca800 JavaThread "Signal Dispatcher" daemon [_thread_blocked, id=11872, stack(0x0000009176400000,0x0000009176500000)]
  0x000001c1972cd800 JavaThread "Attach Listener" daemon [_thread_blocked, id=15032, stack(0x0000009176500000,0x0000009176600000)]
  0x000001c1972cf000 JavaThread "C2 CompilerThread0" daemon [_thread_in_native, id=11844, stack(0x0000009176600000,0x0000009176700000)]
  0x000001c1972d1800 JavaThread "C1 CompilerThread0" daemon [_thread_blocked, id=1288, stack(0x0000009176700000,0x0000009176800000)]
  0x000001c1972d6800 JavaThread "Sweeper thread" daemon [_thread_blocked, id=6660, stack(0x0000009176800000,0x0000009176900000)]
  0x000001c1ff50f800 JavaThread "Common-Cleaner" daemon [_thread_blocked, id=13412, stack(0x0000009176900000,0x0000009176a00000)]
  0x000001c197a0c800 JavaThread "Monitor Ctrl-Break" daemon [_thread_in_native, id=7292, stack(0x0000009176a00000,0x0000009176b00000)]
  0x000001c197adf800 JavaThread "Service Thread" daemon [_thread_blocked, id=14280, stack(0x0000009176b00000,0x0000009176c00000)]
  0x000001c19c1bf000 JavaThread "pool-1-thread-1" [_thread_blocked, id=3328, stack(0x0000009177100000,0x0000009177200000)]
  0x000001c19bf12800 JavaThread "Catalina-utility-1" [_thread_blocked, id=16480, stack(0x0000009177500000,0x0000009177600000)]
  0x000001c19bfc4800 JavaThread "Catalina-utility-2" [_thread_blocked, id=18340, stack(0x0000009177600000,0x0000009177700000)]
  0x000001c19e6f7800 JavaThread "container-0" [_thread_blocked, id=18296, stack(0x0000009177700000,0x0000009177800000)]
  0x000001c19a754800 JavaThread "BufferPoolPruner-1-thread-1" daemon [_thread_blocked, id=12908, stack(0x0000009177800000,0x0000009177900000)]
  0x000001c19c498800 JavaThread "cluster-ClusterId{value='62f459abae5aec284fdbd963', description='null'}-localhost:27017" daemon [_thread_blocked, id=16176, stack(0x0000009177900000,0x0000009177a00000)]
  0x000001c1977c2000 JavaThread "cluster-rtt-ClusterId{value='62f459abae5aec284fdbd963', description='null'}-localhost:27017" daemon [_thread_blocked, id=1492, stack(0x0000009177a00000,0x0000009177b00000)]
  0x000001c19d4de000 JavaThread "MaintenanceTimer-2-thread-1" daemon [_thread_blocked, id=17072, stack(0x0000009177b00000,0x0000009177c00000)]
  0x000001c1a003b000 JavaThread "spring.cloud.inetutils" daemon [_thread_blocked, id=10300, stack(0x0000009177c00000,0x0000009177d00000)]
  0x000001c1a003c000 JavaThread "AsyncResolver-bootstrap-0" daemon [_thread_blocked, id=16844, stack(0x0000009177d00000,0x0000009177e00000)]
  0x000001c1a0039800 JavaThread "DiscoveryClient-0" daemon [_thread_blocked, id=1088, stack(0x0000009177e00000,0x0000009177f00000)]
  0x000001c1a003c800 JavaThread "DiscoveryClient-1" daemon [_thread_blocked, id=6836, stack(0x0000009177f00000,0x0000009178000000)]
  0x000001c1a003a000 JavaThread "DiscoveryClient-InstanceInfoReplicator-0" daemon [_thread_blocked, id=13616, stack(0x0000009178000000,0x0000009178100000)]
  0x000001c1a003f000 JavaThread "ThreadPoolTaskScheduler-1" [_thread_blocked, id=13284, stack(0x0000009178100000,0x0000009178200000)]
  0x000001c1a003d800 JavaThread "org.springframework.kafka.KafkaListenerEndpointContainer#0-0-C-1" [_thread_in_native, id=4552, stack(0x0000009178200000,0x0000009178300000)]
  0x000001c1a003e000 JavaThread "ThreadPoolTaskScheduler-1" [_thread_blocked, id=3268, stack(0x0000009178300000,0x0000009178400000)]
  0x000001c1a0040000 JavaThread "org.springframework.kafka.KafkaListenerEndpointContainer#1-0-C-1" [_thread_in_native, id=1368, stack(0x0000009178400000,0x0000009178500000)]
  0x000001c19e9ab800 JavaThread "http-nio-8086-exec-1" daemon [_thread_blocked, id=3272, stack(0x0000009178500000,0x0000009178600000)]
  0x000001c19e9aa800 JavaThread "http-nio-8086-exec-2" daemon [_thread_blocked, id=13860, stack(0x0000009178600000,0x0000009178700000)]
  0x000001c19e9a6800 JavaThread "http-nio-8086-exec-3" daemon [_thread_blocked, id=18336, stack(0x0000009178700000,0x0000009178800000)]
  0x000001c19e9a7000 JavaThread "http-nio-8086-exec-4" daemon [_thread_blocked, id=14196, stack(0x0000009178800000,0x0000009178900000)]
  0x000001c19e9a8000 JavaThread "http-nio-8086-exec-5" daemon [_thread_blocked, id=1132, stack(0x0000009178900000,0x0000009178a00000)]
  0x000001c19e9ae000 JavaThread "http-nio-8086-exec-6" daemon [_thread_blocked, id=10944, stack(0x0000009178a00000,0x0000009178b00000)]
  0x000001c19e9ae800 JavaThread "http-nio-8086-exec-7" daemon [_thread_blocked, id=17780, stack(0x0000009178b00000,0x0000009178c00000)]
  0x000001c19e9a9800 JavaThread "http-nio-8086-exec-8" daemon [_thread_blocked, id=3180, stack(0x0000009178c00000,0x0000009178d00000)]
  0x000001c19e9a9000 JavaThread "http-nio-8086-exec-9" daemon [_thread_blocked, id=14844, stack(0x0000009178d00000,0x0000009178e00000)]
  0x000001c19e9af800 JavaThread "http-nio-8086-exec-10" daemon [_thread_blocked, id=10784, stack(0x0000009178e00000,0x0000009178f00000)]
  0x000001c19e9b2000 JavaThread "http-nio-8086-Poller" daemon [_thread_in_native, id=1104, stack(0x0000009178f00000,0x0000009179000000)]
  0x000001c19e9ac000 JavaThread "http-nio-8086-Acceptor" daemon [_thread_in_native, id=13176, stack(0x0000009179000000,0x0000009179100000)]
  0x000001c19e9b0000 JavaThread "DestroyJavaVM" [_thread_blocked, id=15052, stack(0x0000009175b00000,0x0000009175c00000)]
  0x000001c19e9b2800 JavaThread "kafka-coordinator-heartbeat-thread | gid" daemon [_thread_blocked, id=8328, stack(0x0000009179100000,0x0000009179200000)]
  0x000001c19e9b1000 JavaThread "kafka-coordinator-heartbeat-thread | gid" daemon [_thread_blocked, id=772, stack(0x0000009179200000,0x0000009179300000)]
  0x000001c19e9ad000 JavaThread "DiscoveryClient-CacheRefreshExecutor-0" daemon [_thread_blocked, id=9460, stack(0x0000009179300000,0x0000009179400000)]
  0x000001c19e9b3800 JavaThread "DiscoveryClient-HeartbeatExecutor-0" daemon [_thread_blocked, id=12256, stack(0x0000009179400000,0x0000009179500000)]
  0x000001c19e9b4800 JavaThread "AsyncReporter{RestTemplateSender{http://localhost:9411/api/v2/spans}}" daemon [_thread_blocked, id=15452, stack(0x0000009175800000,0x0000009175900000)]
  0x000001c19e9b5000 JavaThread "AsyncResolver-bootstrap-executor-0" daemon [_thread_blocked, id=8612, stack(0x0000009176d00000,0x0000009176e00000)]
=>0x000001c19aa62800 JavaThread "C2 CompilerThread1" daemon [_thread_in_native, id=7344, stack(0x0000009175900000,0x0000009175a00000)]

Other Threads:
  0x000001c197233800 VMThread "VM Thread" [stack: 0x0000009176100000,0x0000009176200000] [id=15428]
  0x000001c197ae0000 WatcherThread [stack: 0x0000009176c00000,0x0000009176d00000] [id=14928]
  0x000001c1f83c4800 GCTaskThread "GC Thread#0" [stack: 0x0000009175c00000,0x0000009175d00000] [id=8396]
  0x000001c197de6000 GCTaskThread "GC Thread#1" [stack: 0x0000009176e00000,0x0000009176f00000] [id=13580]
  0x000001c197d63800 GCTaskThread "GC Thread#2" [stack: 0x0000009176f00000,0x0000009177000000] [id=2904]
  0x000001c198606000 GCTaskThread "GC Thread#3" [stack: 0x0000009177200000,0x0000009177300000] [id=840]
  0x000001c1f83f8800 ConcurrentGCThread "G1 Main Marker" [stack: 0x0000009175d00000,0x0000009175e00000] [id=13192]
  0x000001c1f83f9800 ConcurrentGCThread "G1 Conc#0" [stack: 0x0000009175e00000,0x0000009175f00000] [id=12620]
  0x000001c1ff3bc800 ConcurrentGCThread "G1 Refine#0" [stack: 0x0000009175f00000,0x0000009176000000] [id=17620]
  0x000001c197545000 ConcurrentGCThread "G1 Refine#1" [stack: 0x0000009177000000,0x0000009177100000] [id=11152]
  0x000001c1ff3bd800 ConcurrentGCThread "G1 Young RemSet Sampling" [stack: 0x0000009176000000,0x0000009176100000] [id=896]

Threads with active compile tasks:
C2 CompilerThread010101       4       org.springframework.core.ResolvableType$WildcardBounds::get (134 bytes)
C2 CompilerThread110132       4       org.springframework.core.ResolvableType::resolveType (151 bytes)

VM state:not at safepoint (normal execution)

VM Mutex/Monitor currently owned by a thread: None

Heap address: 0x0000000080200000, size: 2046 MB, Compressed Oops mode: 32-bit
Narrow klass base: 0x0000000000000000, Narrow klass shift: 3
Compressed class space size: 1073741824 Address: 0x0000000100000000

Heap:
 garbage-first heap   total 189440K, used 84228K [0x0000000080200000, 0x0000000100000000)
  region size 1024K, 55 young (56320K), 7 survivors (7168K)
 Metaspace       used 79170K, capacity 81757K, committed 81996K, reserved 1120256K
  class space    used 9475K, capacity 10533K, committed 10624K, reserved 1048576K
Heap Regions: E=young(eden), S=young(survivor), O=old, HS=humongous(starts), HC=humongous(continues), CS=collection set, F=free, A=archive, TAMS=top-at-mark-start (previous, next)
|   0|0x0000000080200000, 0x0000000080300000, 0x0000000080300000|100%| O|  |TAMS 0x0000000080300000, 0x0000000080200000| Untracked 
|   1|0x0000000080300000, 0x0000000080400000, 0x0000000080400000|100%| O|  |TAMS 0x0000000080400000, 0x0000000080300000| Untracked 
|   2|0x0000000080400000, 0x0000000080500000, 0x0000000080500000|100%| O|  |TAMS 0x0000000080500000, 0x0000000080400000| Untracked 
|   3|0x0000000080500000, 0x0000000080600000, 0x0000000080600000|100%| O|  |TAMS 0x0000000080600000, 0x0000000080500000| Untracked 
|   4|0x0000000080600000, 0x0000000080700000, 0x0000000080700000|100%| O|  |TAMS 0x0000000080700000, 0x0000000080600000| Untracked 
|   5|0x0000000080700000, 0x0000000080800000, 0x0000000080800000|100%| O|  |TAMS 0x0000000080800000, 0x0000000080700000| Untracked 
|   6|0x0000000080800000, 0x0000000080900000, 0x0000000080900000|100%| O|  |TAMS 0x0000000080900000, 0x0000000080800000| Untracked 
|   7|0x0000000080900000, 0x0000000080a00000, 0x0000000080a00000|100%| O|  |TAMS 0x0000000080a00000, 0x0000000080900000| Untracked 
|   8|0x0000000080a00000, 0x0000000080b00000, 0x0000000080b00000|100%| O|  |TAMS 0x0000000080b00000, 0x0000000080a00000| Untracked 
|   9|0x0000000080b00000, 0x0000000080c00000, 0x0000000080c00000|100%| O|  |TAMS 0x0000000080c00000, 0x0000000080b00000| Untracked 
|  10|0x0000000080c00000, 0x0000000080d00000, 0x0000000080d00000|100%| O|  |TAMS 0x0000000080d00000, 0x0000000080c00000| Untracked 
|  11|0x0000000080d00000, 0x0000000080e00000, 0x0000000080e00000|100%| O|  |TAMS 0x0000000080e00000, 0x0000000080d00000| Untracked 
|  12|0x0000000080e00000, 0x0000000080f00000, 0x0000000080f00000|100%| O|  |TAMS 0x0000000080f00000, 0x0000000080e00000| Untracked 
|  13|0x0000000080f00000, 0x0000000081000000, 0x0000000081000000|100%| O|  |TAMS 0x0000000081000000, 0x0000000080f00000| Untracked 
|  14|0x0000000081000000, 0x0000000081100000, 0x0000000081100000|100%| O|  |TAMS 0x0000000081100000, 0x0000000081000000| Untracked 
|  15|0x0000000081100000, 0x0000000081200000, 0x0000000081200000|100%| O|  |TAMS 0x0000000081200000, 0x0000000081100000| Untracked 
|  16|0x0000000081200000, 0x0000000081300000, 0x0000000081300000|100%| O|  |TAMS 0x0000000081300000, 0x0000000081200000| Untracked 
|  17|0x0000000081300000, 0x0000000081400000, 0x0000000081400000|100%| O|  |TAMS 0x0000000081400000, 0x0000000081300000| Untracked 
|  18|0x0000000081400000, 0x0000000081500000, 0x0000000081500000|100%| O|  |TAMS 0x0000000081500000, 0x0000000081400000| Untracked 
|  19|0x0000000081500000, 0x0000000081600000, 0x0000000081600000|100%| O|  |TAMS 0x0000000081600000, 0x0000000081500000| Untracked 
|  20|0x0000000081600000, 0x0000000081700000, 0x0000000081700000|100%| O|  |TAMS 0x0000000081700000, 0x0000000081600000| Untracked 
|  21|0x0000000081700000, 0x0000000081800000, 0x0000000081800000|100%| O|  |TAMS 0x0000000081800000, 0x0000000081700000| Untracked 
|  22|0x0000000081800000, 0x0000000081900000, 0x0000000081900000|100%| O|  |TAMS 0x0000000081900000, 0x0000000081800000| Untracked 
|  23|0x0000000081900000, 0x0000000081a00000, 0x0000000081a00000|100%| O|  |TAMS 0x0000000081a00000, 0x0000000081900000| Untracked 
|  24|0x0000000081a00000, 0x0000000081b00000, 0x0000000081b00000|100%| O|  |TAMS 0x0000000081b00000, 0x0000000081a00000| Untracked 
|  25|0x0000000081b00000, 0x0000000081c00000, 0x0000000081c00000|100%| O|  |TAMS 0x0000000081c00000, 0x0000000081b00000| Untracked 
|  26|0x0000000081c00000, 0x0000000081d00000, 0x0000000081d00000|100%| O|  |TAMS 0x0000000081c81c00, 0x0000000081c00000| Untracked 
|  27|0x0000000081d00000, 0x0000000081e00000, 0x0000000081e00000|100%| O|  |TAMS 0x0000000081d00000, 0x0000000081d00000| Untracked 
|  28|0x0000000081e00000, 0x0000000081f00000, 0x0000000081f00000|100%| O|  |TAMS 0x0000000081e00000, 0x0000000081e00000| Untracked 
|  29|0x0000000081f00000, 0x0000000081faac00, 0x0000000082000000| 66%| O|  |TAMS 0x0000000081f00000, 0x0000000081f00000| Untracked 
|  30|0x0000000082000000, 0x0000000082000000, 0x0000000082100000|  0%| F|  |TAMS 0x0000000082000000, 0x0000000082000000| Untracked 
|  31|0x0000000082100000, 0x0000000082100000, 0x0000000082200000|  0%| F|  |TAMS 0x0000000082100000, 0x0000000082100000| Untracked 
|  32|0x0000000082200000, 0x0000000082200000, 0x0000000082300000|  0%| F|  |TAMS 0x0000000082200000, 0x0000000082200000| Untracked 
|  33|0x0000000082300000, 0x0000000082300000, 0x0000000082400000|  0%| F|  |TAMS 0x0000000082300000, 0x0000000082300000| Untracked 
|  34|0x0000000082400000, 0x0000000082400000, 0x0000000082500000|  0%| F|  |TAMS 0x0000000082400000, 0x0000000082400000| Untracked 
|  35|0x0000000082500000, 0x0000000082500000, 0x0000000082600000|  0%| F|  |TAMS 0x0000000082500000, 0x0000000082500000| Untracked 
|  36|0x0000000082600000, 0x0000000082600000, 0x0000000082700000|  0%| F|  |TAMS 0x0000000082600000, 0x0000000082600000| Untracked 
|  37|0x0000000082700000, 0x0000000082700000, 0x0000000082800000|  0%| F|  |TAMS 0x0000000082700000, 0x0000000082700000| Untracked 
|  38|0x0000000082800000, 0x0000000082800000, 0x0000000082900000|  0%| F|  |TAMS 0x0000000082800000, 0x0000000082800000| Untracked 
|  39|0x0000000082900000, 0x0000000082900000, 0x0000000082a00000|  0%| F|  |TAMS 0x0000000082900000, 0x0000000082900000| Untracked 
|  40|0x0000000082a00000, 0x0000000082a00000, 0x0000000082b00000|  0%| F|  |TAMS 0x0000000082a00000, 0x0000000082a00000| Untracked 
|  41|0x0000000082b00000, 0x0000000082b00000, 0x0000000082c00000|  0%| F|  |TAMS 0x0000000082b00000, 0x0000000082b00000| Untracked 
|  42|0x0000000082c00000, 0x0000000082c00000, 0x0000000082d00000|  0%| F|  |TAMS 0x0000000082c00000, 0x0000000082c00000| Untracked 
|  43|0x0000000082d00000, 0x0000000082d00000, 0x0000000082e00000|  0%| F|  |TAMS 0x0000000082d00000, 0x0000000082d00000| Untracked 
|  44|0x0000000082e00000, 0x0000000082e00000, 0x0000000082f00000|  0%| F|  |TAMS 0x0000000082e00000, 0x0000000082e00000| Untracked 
|  45|0x0000000082f00000, 0x0000000082f00000, 0x0000000083000000|  0%| F|  |TAMS 0x0000000082f00000, 0x0000000082f00000| Untracked 
|  46|0x0000000083000000, 0x0000000083000000, 0x0000000083100000|  0%| F|  |TAMS 0x0000000083000000, 0x0000000083000000| Untracked 
|  47|0x0000000083100000, 0x0000000083100000, 0x0000000083200000|  0%| F|  |TAMS 0x0000000083100000, 0x0000000083100000| Untracked 
|  48|0x0000000083200000, 0x0000000083200000, 0x0000000083300000|  0%| F|  |TAMS 0x0000000083200000, 0x0000000083200000| Untracked 
|  49|0x0000000083300000, 0x0000000083300000, 0x0000000083400000|  0%| F|  |TAMS 0x0000000083300000, 0x0000000083300000| Untracked 
|  50|0x0000000083400000, 0x0000000083400000, 0x0000000083500000|  0%| F|  |TAMS 0x0000000083400000, 0x0000000083400000| Untracked 
|  51|0x0000000083500000, 0x0000000083500000, 0x0000000083600000|  0%| F|  |TAMS 0x0000000083500000, 0x0000000083500000| Untracked 
|  52|0x0000000083600000, 0x0000000083600000, 0x0000000083700000|  0%| F|  |TAMS 0x0000000083600000, 0x0000000083600000| Untracked 
|  53|0x0000000083700000, 0x0000000083700000, 0x0000000083800000|  0%| F|  |TAMS 0x0000000083700000, 0x0000000083700000| Untracked 
|  54|0x0000000083800000, 0x0000000083800000, 0x0000000083900000|  0%| F|  |TAMS 0x0000000083800000, 0x0000000083800000| Untracked 
|  55|0x0000000083900000, 0x0000000083900000, 0x0000000083a00000|  0%| F|  |TAMS 0x0000000083900000, 0x0000000083900000| Untracked 
|  56|0x0000000083a00000, 0x0000000083a00000, 0x0000000083b00000|  0%| F|  |TAMS 0x0000000083a00000, 0x0000000083a00000| Untracked 
|  57|0x0000000083b00000, 0x0000000083b00000, 0x0000000083c00000|  0%| F|  |TAMS 0x0000000083b00000, 0x0000000083b00000| Untracked 
|  58|0x0000000083c00000, 0x0000000083c00000, 0x0000000083d00000|  0%| F|  |TAMS 0x0000000083c00000, 0x0000000083c00000| Untracked 
|  59|0x0000000083d00000, 0x0000000083d00000, 0x0000000083e00000|  0%| F|  |TAMS 0x0000000083d00000, 0x0000000083d00000| Untracked 
|  60|0x0000000083e00000, 0x0000000083e00000, 0x0000000083f00000|  0%| F|  |TAMS 0x0000000083e00000, 0x0000000083e00000| Untracked 
|  61|0x0000000083f00000, 0x0000000083f00000, 0x0000000084000000|  0%| F|  |TAMS 0x0000000083f00000, 0x0000000083f00000| Untracked 
|  62|0x0000000084000000, 0x0000000084000000, 0x0000000084100000|  0%| F|  |TAMS 0x0000000084000000, 0x0000000084000000| Untracked 
|  63|0x0000000084100000, 0x0000000084100000, 0x0000000084200000|  0%| F|  |TAMS 0x0000000084100000, 0x0000000084100000| Untracked 
|  64|0x0000000084200000, 0x0000000084200000, 0x0000000084300000|  0%| F|  |TAMS 0x0000000084200000, 0x0000000084200000| Untracked 
|  65|0x0000000084300000, 0x0000000084300000, 0x0000000084400000|  0%| F|  |TAMS 0x0000000084300000, 0x0000000084300000| Untracked 
|  66|0x0000000084400000, 0x0000000084400000, 0x0000000084500000|  0%| F|  |TAMS 0x0000000084400000, 0x0000000084400000| Untracked 
|  67|0x0000000084500000, 0x0000000084500000, 0x0000000084600000|  0%| F|  |TAMS 0x0000000084500000, 0x0000000084500000| Untracked 
|  68|0x0000000084600000, 0x0000000084600000, 0x0000000084700000|  0%| F|  |TAMS 0x0000000084600000, 0x0000000084600000| Untracked 
|  69|0x0000000084700000, 0x0000000084700000, 0x0000000084800000|  0%| F|  |TAMS 0x0000000084700000, 0x0000000084700000| Untracked 
|  70|0x0000000084800000, 0x00000000848966c0, 0x0000000084900000| 58%| S|CS|TAMS 0x0000000084800000, 0x0000000084800000| Complete 
|  71|0x0000000084900000, 0x0000000084a00000, 0x0000000084a00000|100%| S|CS|TAMS 0x0000000084900000, 0x0000000084900000| Complete 
|  72|0x0000000084a00000, 0x0000000084b00000, 0x0000000084b00000|100%| S|CS|TAMS 0x0000000084a00000, 0x0000000084a00000| Complete 
|  73|0x0000000084b00000, 0x0000000084c00000, 0x0000000084c00000|100%| S|CS|TAMS 0x0000000084b00000, 0x0000000084b00000| Complete 
|  74|0x0000000084c00000, 0x0000000084c00000, 0x0000000084d00000|  0%| F|  |TAMS 0x0000000084c00000, 0x0000000084c00000| Untracked 
|  75|0x0000000084d00000, 0x0000000084d00000, 0x0000000084e00000|  0%| F|  |TAMS 0x0000000084d00000, 0x0000000084d00000| Untracked 
|  76|0x0000000084e00000, 0x0000000084e00000, 0x0000000084f00000|  0%| F|  |TAMS 0x0000000084e00000, 0x0000000084e00000| Untracked 
|  77|0x0000000084f00000, 0x0000000084f00000, 0x0000000085000000|  0%| F|  |TAMS 0x0000000084f00000, 0x0000000084f00000| Untracked 
|  78|0x0000000085000000, 0x0000000085100000, 0x0000000085100000|100%| S|CS|TAMS 0x0000000085000000, 0x0000000085000000| Complete 
|  79|0x0000000085100000, 0x0000000085200000, 0x0000000085200000|100%| S|CS|TAMS 0x0000000085100000, 0x0000000085100000| Complete 
|  80|0x0000000085200000, 0x0000000085300000, 0x0000000085300000|100%| S|CS|TAMS 0x0000000085200000, 0x0000000085200000| Complete 
|  81|0x0000000085300000, 0x0000000085300000, 0x0000000085400000|  0%| F|  |TAMS 0x0000000085300000, 0x0000000085300000| Untracked 
|  82|0x0000000085400000, 0x0000000085400000, 0x0000000085500000|  0%| F|  |TAMS 0x0000000085400000, 0x0000000085400000| Untracked 
|  83|0x0000000085500000, 0x0000000085500000, 0x0000000085600000|  0%| F|  |TAMS 0x0000000085500000, 0x0000000085500000| Untracked 
|  84|0x0000000085600000, 0x0000000085600000, 0x0000000085700000|  0%| F|  |TAMS 0x0000000085600000, 0x0000000085600000| Untracked 
|  85|0x0000000085700000, 0x0000000085700000, 0x0000000085800000|  0%| F|  |TAMS 0x0000000085700000, 0x0000000085700000| Untracked 
|  86|0x0000000085800000, 0x0000000085800000, 0x0000000085900000|  0%| F|  |TAMS 0x0000000085800000, 0x0000000085800000| Untracked 
|  87|0x0000000085900000, 0x0000000085900000, 0x0000000085a00000|  0%| F|  |TAMS 0x0000000085900000, 0x0000000085900000| Untracked 
|  88|0x0000000085a00000, 0x0000000085a00000, 0x0000000085b00000|  0%| F|  |TAMS 0x0000000085a00000, 0x0000000085a00000| Untracked 
|  89|0x0000000085b00000, 0x0000000085b00000, 0x0000000085c00000|  0%| F|  |TAMS 0x0000000085b00000, 0x0000000085b00000| Untracked 
|  90|0x0000000085c00000, 0x0000000085c00000, 0x0000000085d00000|  0%| F|  |TAMS 0x0000000085c00000, 0x0000000085c00000| Untracked 
|  91|0x0000000085d00000, 0x0000000085d00000, 0x0000000085e00000|  0%| F|  |TAMS 0x0000000085d00000, 0x0000000085d00000| Untracked 
|  92|0x0000000085e00000, 0x0000000085e00000, 0x0000000085f00000|  0%| F|  |TAMS 0x0000000085e00000, 0x0000000085e00000| Untracked 
|  93|0x0000000085f00000, 0x0000000085f00000, 0x0000000086000000|  0%| F|  |TAMS 0x0000000085f00000, 0x0000000085f00000| Untracked 
|  94|0x0000000086000000, 0x0000000086000000, 0x0000000086100000|  0%| F|  |TAMS 0x0000000086000000, 0x0000000086000000| Untracked 
|  95|0x0000000086100000, 0x0000000086100000, 0x0000000086200000|  0%| F|  |TAMS 0x0000000086100000, 0x0000000086100000| Untracked 
|  96|0x0000000086200000, 0x0000000086200000, 0x0000000086300000|  0%| F|  |TAMS 0x0000000086200000, 0x0000000086200000| Untracked 
|  97|0x0000000086300000, 0x0000000086300000, 0x0000000086400000|  0%| F|  |TAMS 0x0000000086300000, 0x0000000086300000| Untracked 
|  98|0x0000000086400000, 0x0000000086400000, 0x0000000086500000|  0%| F|  |TAMS 0x0000000086400000, 0x0000000086400000| Untracked 
|  99|0x0000000086500000, 0x0000000086500000, 0x0000000086600000|  0%| F|  |TAMS 0x0000000086500000, 0x0000000086500000| Untracked 
| 100|0x0000000086600000, 0x0000000086600000, 0x0000000086700000|  0%| F|  |TAMS 0x0000000086600000, 0x0000000086600000| Untracked 
| 101|0x0000000086700000, 0x0000000086700000, 0x0000000086800000|  0%| F|  |TAMS 0x0000000086700000, 0x0000000086700000| Untracked 
| 102|0x0000000086800000, 0x0000000086800000, 0x0000000086900000|  0%| F|  |TAMS 0x0000000086800000, 0x0000000086800000| Untracked 
| 103|0x0000000086900000, 0x0000000086900000, 0x0000000086a00000|  0%| F|  |TAMS 0x0000000086900000, 0x0000000086900000| Untracked 
| 104|0x0000000086a00000, 0x0000000086a00000, 0x0000000086b00000|  0%| F|  |TAMS 0x0000000086a00000, 0x0000000086a00000| Untracked 
| 105|0x0000000086b00000, 0x0000000086b00000, 0x0000000086c00000|  0%| F|  |TAMS 0x0000000086b00000, 0x0000000086b00000| Untracked 
| 106|0x0000000086c00000, 0x0000000086c00000, 0x0000000086d00000|  0%| F|  |TAMS 0x0000000086c00000, 0x0000000086c00000| Untracked 
| 107|0x0000000086d00000, 0x0000000086d00000, 0x0000000086e00000|  0%| F|  |TAMS 0x0000000086d00000, 0x0000000086d00000| Untracked 
| 108|0x0000000086e00000, 0x0000000086e00000, 0x0000000086f00000|  0%| F|  |TAMS 0x0000000086e00000, 0x0000000086e00000| Untracked 
| 109|0x0000000086f00000, 0x0000000086f00000, 0x0000000087000000|  0%| F|  |TAMS 0x0000000086f00000, 0x0000000086f00000| Untracked 
| 110|0x0000000087000000, 0x0000000087000000, 0x0000000087100000|  0%| F|  |TAMS 0x0000000087000000, 0x0000000087000000| Untracked 
| 111|0x0000000087100000, 0x0000000087100000, 0x0000000087200000|  0%| F|  |TAMS 0x0000000087100000, 0x0000000087100000| Untracked 
| 112|0x0000000087200000, 0x0000000087200000, 0x0000000087300000|  0%| F|  |TAMS 0x0000000087200000, 0x0000000087200000| Untracked 
| 113|0x0000000087300000, 0x0000000087300000, 0x0000000087400000|  0%| F|  |TAMS 0x0000000087300000, 0x0000000087300000| Untracked 
| 114|0x0000000087400000, 0x0000000087400000, 0x0000000087500000|  0%| F|  |TAMS 0x0000000087400000, 0x0000000087400000| Untracked 
| 115|0x0000000087500000, 0x0000000087500000, 0x0000000087600000|  0%| F|  |TAMS 0x0000000087500000, 0x0000000087500000| Untracked 
| 116|0x0000000087600000, 0x0000000087600000, 0x0000000087700000|  0%| F|  |TAMS 0x0000000087600000, 0x0000000087600000| Untracked 
| 117|0x0000000087700000, 0x0000000087700000, 0x0000000087800000|  0%| F|  |TAMS 0x0000000087700000, 0x0000000087700000| Untracked 
| 118|0x0000000087800000, 0x0000000087800000, 0x0000000087900000|  0%| F|  |TAMS 0x0000000087800000, 0x0000000087800000| Untracked 
| 119|0x0000000087900000, 0x0000000087900000, 0x0000000087a00000|  0%| F|  |TAMS 0x0000000087900000, 0x0000000087900000| Untracked 
| 120|0x0000000087a00000, 0x0000000087a00000, 0x0000000087b00000|  0%| F|  |TAMS 0x0000000087a00000, 0x0000000087a00000| Untracked 
| 121|0x0000000087b00000, 0x0000000087b00000, 0x0000000087c00000|  0%| F|  |TAMS 0x0000000087b00000, 0x0000000087b00000| Untracked 
| 122|0x0000000087c00000, 0x0000000087c00000, 0x0000000087d00000|  0%| F|  |TAMS 0x0000000087c00000, 0x0000000087c00000| Untracked 
| 123|0x0000000087d00000, 0x0000000087d00000, 0x0000000087e00000|  0%| F|  |TAMS 0x0000000087d00000, 0x0000000087d00000| Untracked 
| 124|0x0000000087e00000, 0x0000000087e00000, 0x0000000087f00000|  0%| F|  |TAMS 0x0000000087e00000, 0x0000000087e00000| Untracked 
| 125|0x0000000087f00000, 0x0000000087f00000, 0x0000000088000000|  0%| F|  |TAMS 0x0000000087f00000, 0x0000000087f00000| Untracked 
| 126|0x0000000088000000, 0x0000000088000000, 0x0000000088100000|  0%| F|  |TAMS 0x0000000088000000, 0x0000000088000000| Untracked 
| 127|0x0000000088100000, 0x0000000088100000, 0x0000000088200000|  0%| F|  |TAMS 0x0000000088100000, 0x0000000088100000| Untracked 
| 128|0x0000000088200000, 0x0000000088200000, 0x0000000088300000|  0%| F|  |TAMS 0x0000000088200000, 0x0000000088200000| Untracked 
| 129|0x0000000088300000, 0x0000000088300000, 0x0000000088400000|  0%| F|  |TAMS 0x0000000088300000, 0x0000000088300000| Untracked 
| 130|0x0000000088400000, 0x0000000088400000, 0x0000000088500000|  0%| F|  |TAMS 0x0000000088400000, 0x0000000088400000| Untracked 
| 131|0x0000000088500000, 0x0000000088500000, 0x0000000088600000|  0%| F|  |TAMS 0x0000000088500000, 0x0000000088500000| Untracked 
| 132|0x0000000088600000, 0x0000000088600000, 0x0000000088700000|  0%| F|  |TAMS 0x0000000088600000, 0x0000000088600000| Untracked 
| 133|0x0000000088700000, 0x0000000088700000, 0x0000000088800000|  0%| F|  |TAMS 0x0000000088700000, 0x0000000088700000| Untracked 
| 134|0x0000000088800000, 0x0000000088800000, 0x0000000088900000|  0%| F|  |TAMS 0x0000000088800000, 0x0000000088800000| Untracked 
| 135|0x0000000088900000, 0x0000000088900000, 0x0000000088a00000|  0%| F|  |TAMS 0x0000000088900000, 0x0000000088900000| Untracked 
| 136|0x0000000088a00000, 0x0000000088a00000, 0x0000000088b00000|  0%| F|  |TAMS 0x0000000088a00000, 0x0000000088a00000| Untracked 
| 137|0x0000000088b00000, 0x0000000088b524a0, 0x0000000088c00000| 32%| E|  |TAMS 0x0000000088b00000, 0x0000000088b00000| Complete 
| 138|0x0000000088c00000, 0x0000000088d00000, 0x0000000088d00000|100%| E|CS|TAMS 0x0000000088c00000, 0x0000000088c00000| Complete 
| 139|0x0000000088d00000, 0x0000000088e00000, 0x0000000088e00000|100%| E|CS|TAMS 0x0000000088d00000, 0x0000000088d00000| Complete 
| 140|0x0000000088e00000, 0x0000000088f00000, 0x0000000088f00000|100%| E|CS|TAMS 0x0000000088e00000, 0x0000000088e00000| Complete 
| 141|0x0000000088f00000, 0x0000000089000000, 0x0000000089000000|100%| E|CS|TAMS 0x0000000088f00000, 0x0000000088f00000| Complete 
| 142|0x0000000089000000, 0x0000000089100000, 0x0000000089100000|100%| E|CS|TAMS 0x0000000089000000, 0x0000000089000000| Complete 
| 143|0x0000000089100000, 0x0000000089200000, 0x0000000089200000|100%| E|CS|TAMS 0x0000000089100000, 0x0000000089100000| Complete 
| 144|0x0000000089200000, 0x0000000089300000, 0x0000000089300000|100%| E|CS|TAMS 0x0000000089200000, 0x0000000089200000| Complete 
| 145|0x0000000089300000, 0x0000000089400000, 0x0000000089400000|100%| E|CS|TAMS 0x0000000089300000, 0x0000000089300000| Complete 
| 146|0x0000000089400000, 0x0000000089500000, 0x0000000089500000|100%| E|CS|TAMS 0x0000000089400000, 0x0000000089400000| Complete 
| 147|0x0000000089500000, 0x0000000089600000, 0x0000000089600000|100%| E|CS|TAMS 0x0000000089500000, 0x0000000089500000| Complete 
| 148|0x0000000089600000, 0x0000000089700000, 0x0000000089700000|100%| E|CS|TAMS 0x0000000089600000, 0x0000000089600000| Complete 
| 149|0x0000000089700000, 0x0000000089800000, 0x0000000089800000|100%| E|CS|TAMS 0x0000000089700000, 0x0000000089700000| Complete 
| 150|0x0000000089800000, 0x0000000089900000, 0x0000000089900000|100%| E|CS|TAMS 0x0000000089800000, 0x0000000089800000| Complete 
| 151|0x0000000089900000, 0x0000000089a00000, 0x0000000089a00000|100%| E|  |TAMS 0x0000000089900000, 0x0000000089900000| Complete 
| 152|0x0000000089a00000, 0x0000000089b00000, 0x0000000089b00000|100%| E|CS|TAMS 0x0000000089a00000, 0x0000000089a00000| Complete 
| 153|0x0000000089b00000, 0x0000000089c00000, 0x0000000089c00000|100%| E|CS|TAMS 0x0000000089b00000, 0x0000000089b00000| Complete 
| 154|0x0000000089c00000, 0x0000000089d00000, 0x0000000089d00000|100%| E|CS|TAMS 0x0000000089c00000, 0x0000000089c00000| Complete 
| 155|0x0000000089d00000, 0x0000000089e00000, 0x0000000089e00000|100%| E|CS|TAMS 0x0000000089d00000, 0x0000000089d00000| Complete 
| 156|0x0000000089e00000, 0x0000000089f00000, 0x0000000089f00000|100%| E|CS|TAMS 0x0000000089e00000, 0x0000000089e00000| Complete 
| 157|0x0000000089f00000, 0x000000008a000000, 0x000000008a000000|100%| E|CS|TAMS 0x0000000089f00000, 0x0000000089f00000| Complete 
| 158|0x000000008a000000, 0x000000008a100000, 0x000000008a100000|100%| E|CS|TAMS 0x000000008a000000, 0x000000008a000000| Complete 
| 159|0x000000008a100000, 0x000000008a200000, 0x000000008a200000|100%| E|CS|TAMS 0x000000008a100000, 0x000000008a100000| Complete 
| 160|0x000000008a200000, 0x000000008a300000, 0x000000008a300000|100%| E|CS|TAMS 0x000000008a200000, 0x000000008a200000| Complete 
| 161|0x000000008a300000, 0x000000008a400000, 0x000000008a400000|100%| E|CS|TAMS 0x000000008a300000, 0x000000008a300000| Complete 
| 162|0x000000008a400000, 0x000000008a500000, 0x000000008a500000|100%| E|CS|TAMS 0x000000008a400000, 0x000000008a400000| Complete 
| 163|0x000000008a500000, 0x000000008a600000, 0x000000008a600000|100%| E|CS|TAMS 0x000000008a500000, 0x000000008a500000| Complete 
| 164|0x000000008a600000, 0x000000008a700000, 0x000000008a700000|100%| E|CS|TAMS 0x000000008a600000, 0x000000008a600000| Complete 
| 165|0x000000008a700000, 0x000000008a800000, 0x000000008a800000|100%| E|CS|TAMS 0x000000008a700000, 0x000000008a700000| Complete 
| 166|0x000000008a800000, 0x000000008a900000, 0x000000008a900000|100%| E|CS|TAMS 0x000000008a800000, 0x000000008a800000| Complete 
| 167|0x000000008a900000, 0x000000008aa00000, 0x000000008aa00000|100%| E|CS|TAMS 0x000000008a900000, 0x000000008a900000| Complete 
| 168|0x000000008aa00000, 0x000000008ab00000, 0x000000008ab00000|100%| E|CS|TAMS 0x000000008aa00000, 0x000000008aa00000| Complete 
| 169|0x000000008ab00000, 0x000000008ac00000, 0x000000008ac00000|100%| E|CS|TAMS 0x000000008ab00000, 0x000000008ab00000| Complete 
| 170|0x000000008ac00000, 0x000000008ad00000, 0x000000008ad00000|100%| E|CS|TAMS 0x000000008ac00000, 0x000000008ac00000| Complete 
| 171|0x000000008ad00000, 0x000000008ae00000, 0x000000008ae00000|100%| E|CS|TAMS 0x000000008ad00000, 0x000000008ad00000| Complete 
| 172|0x000000008ae00000, 0x000000008af00000, 0x000000008af00000|100%| E|CS|TAMS 0x000000008ae00000, 0x000000008ae00000| Complete 
| 173|0x000000008af00000, 0x000000008b000000, 0x000000008b000000|100%| E|CS|TAMS 0x000000008af00000, 0x000000008af00000| Complete 
| 174|0x000000008b000000, 0x000000008b100000, 0x000000008b100000|100%| E|CS|TAMS 0x000000008b000000, 0x000000008b000000| Complete 
| 175|0x000000008b100000, 0x000000008b200000, 0x000000008b200000|100%| E|CS|TAMS 0x000000008b100000, 0x000000008b100000| Complete 
| 176|0x000000008b200000, 0x000000008b300000, 0x000000008b300000|100%| E|CS|TAMS 0x000000008b200000, 0x000000008b200000| Complete 
| 177|0x000000008b300000, 0x000000008b400000, 0x000000008b400000|100%| E|CS|TAMS 0x000000008b300000, 0x000000008b300000| Complete 
| 178|0x000000008b400000, 0x000000008b500000, 0x000000008b500000|100%| E|CS|TAMS 0x000000008b400000, 0x000000008b400000| Complete 
| 179|0x000000008b500000, 0x000000008b600000, 0x000000008b600000|100%| E|CS|TAMS 0x000000008b500000, 0x000000008b500000| Complete 
| 180|0x000000008b600000, 0x000000008b700000, 0x000000008b700000|100%| E|CS|TAMS 0x000000008b600000, 0x000000008b600000| Complete 
| 181|0x000000008b700000, 0x000000008b800000, 0x000000008b800000|100%| E|CS|TAMS 0x000000008b700000, 0x000000008b700000| Complete 
| 182|0x000000008b800000, 0x000000008b900000, 0x000000008b900000|100%| E|CS|TAMS 0x000000008b800000, 0x000000008b800000| Complete 
| 183|0x000000008b900000, 0x000000008ba00000, 0x000000008ba00000|100%| E|CS|TAMS 0x000000008b900000, 0x000000008b900000| Complete 
| 184|0x000000008ba00000, 0x000000008bb00000, 0x000000008bb00000|100%| E|CS|TAMS 0x000000008ba00000, 0x000000008ba00000| Complete 

Card table byte_map: [0x000001c1f8820000,0x000001c1f8c20000] _byte_map_base: 0x000001c1f841f000

Marking Bits (Prev, Next): (CMBitMap*) 0x000001c1f83ed880, (CMBitMap*) 0x000001c1f83ed848
 Prev Bits: [0x000001c1fb020000, 0x000001c1fd018000)
 Next Bits: [0x000001c1f9020000, 0x000001c1fb018000)

Polling page: 0x000001c1f6350000

Metaspace:

Usage:
  Non-class:     69.55 MB capacity,    68.06 MB ( 98%) used,     1.17 MB (  2%) free+waste,   329.13 KB ( <1%) overhead. 
      Class:     10.29 MB capacity,     9.25 MB ( 90%) used,   902.35 KB (  9%) free+waste,   155.00 KB (  1%) overhead. 
       Both:     79.84 MB capacity,    77.32 MB ( 97%) used,     2.05 MB (  3%) free+waste,   484.13 KB ( <1%) overhead. 

Virtual space:
  Non-class space:       70.00 MB reserved,      69.70 MB (>99%) committed 
      Class space:        1.00 GB reserved,      10.38 MB (  1%) committed 
             Both:        1.07 GB reserved,      80.07 MB (  7%) committed 

Chunk freelists:
   Non-Class:  2.50 KB
       Class:  0 bytes
        Both:  2.50 KB

CodeHeap 'non-profiled nmethods': size=120064Kb used=5434Kb max_used=5954Kb free=114629Kb
 bounds [0x000001c18fcf0000, 0x000001c1902d0000, 0x000001c197230000]
CodeHeap 'profiled nmethods': size=120000Kb used=16480Kb max_used=18596Kb free=103519Kb
 bounds [0x000001c1887c0000, 0x000001c1899f0000, 0x000001c18fcf0000]
CodeHeap 'non-nmethods': size=5696Kb used=1311Kb max_used=1359Kb free=4384Kb
 bounds [0x000001c188230000, 0x000001c1884a0000, 0x000001c1887c0000]
 total_blobs=13294 nmethods=8349 adapters=626
 compilation: enabled
              stopped_count=0, restarted_count=0
 full_count=0

Compilation events (10 events):
Event: 5720.994 Thread 0x000001c1972d1800 10142       3       org.springframework.context.support.AbstractApplicationContext::getApplicationEventMulticaster (39 bytes)
Event: 5720.997 Thread 0x000001c1972d1800 nmethod 10142 0x000001c1892d7690 code [0x000001c1892d7920, 0x000001c1892d8370]
Event: 5720.997 Thread 0x000001c1972d1800 10143       3       zipkin2.internal.JsonEscaper::jsonEscapedSizeInBytes (113 bytes)
Event: 5720.998 Thread 0x000001c1972d1800 nmethod 10143 0x000001c1892d2810 code [0x000001c1892d2a40, 0x000001c1892d31a0]
Event: 5721.022 Thread 0x000001c19aa62800 nmethod 10102 0x000001c18ffa9a90 code [0x000001c18ffa9de0, 0x000001c18ffac970]
Event: 5721.022 Thread 0x000001c19aa62800 10131       4       org.springframework.util.ConcurrentReferenceHashMap$Segment::findInChain (66 bytes)
Event: 5721.025 Thread 0x000001c1972d1800 10144       3       org.apache.tomcat.util.buf.AbstractChunk::recycle (21 bytes)
Event: 5721.025 Thread 0x000001c1972d1800 nmethod 10144 0x000001c18925d690 code [0x000001c18925d840, 0x000001c18925d9b8]
Event: 5721.026 Thread 0x000001c19aa62800 nmethod 10131 0x000001c18ffa9310 code [0x000001c18ffa94e0, 0x000001c18ffa9868]
Event: 5721.026 Thread 0x000001c19aa62800 10132       4       org.springframework.core.ResolvableType::resolveType (151 bytes)

GC Heap History (10 events):
Event: 3083.720 GC heap before
{Heap before GC invocations=23 (full 0):
 garbage-first heap   total 189440K, used 143630K [0x0000000080200000, 0x0000000100000000)
  region size 1024K, 111 young (113664K), 7 survivors (7168K)
 Metaspace       used 76783K, capacity 79253K, committed 79308K, reserved 1118208K
  class space    used 9215K, capacity 10232K, committed 10240K, reserved 1048576K
}
Event: 3083.732 GC heap after
{Heap after GC invocations=24 (full 0):
 garbage-first heap   total 189440K, used 37125K [0x0000000080200000, 0x0000000100000000)
  region size 1024K, 7 young (7168K), 7 survivors (7168K)
 Metaspace       used 76783K, capacity 79253K, committed 79308K, reserved 1118208K
  class space    used 9215K, capacity 10232K, committed 10240K, reserved 1048576K
}
Event: 3629.583 GC heap before
{Heap before GC invocations=24 (full 0):
 garbage-first heap   total 189440K, used 143621K [0x0000000080200000, 0x0000000100000000)
  region size 1024K, 111 young (113664K), 7 survivors (7168K)
 Metaspace       used 76864K, capacity 79385K, committed 79564K, reserved 1118208K
  class space    used 9215K, capacity 10232K, committed 10240K, reserved 1048576K
}
Event: 3629.593 GC heap after
{Heap after GC invocations=25 (full 0):
 garbage-first heap   total 189440K, used 37130K [0x0000000080200000, 0x0000000100000000)
  region size 1024K, 7 young (7168K), 7 survivors (7168K)
 Metaspace       used 76864K, capacity 79385K, committed 79564K, reserved 1118208K
  class space    used 9215K, capacity 10232K, committed 10240K, reserved 1048576K
}
Event: 4563.577 GC heap before
{Heap before GC invocations=25 (full 0):
 garbage-first heap   total 189440K, used 143626K [0x0000000080200000, 0x0000000100000000)
  region size 1024K, 111 young (113664K), 7 survivors (7168K)
 Metaspace       used 77015K, capacity 79516K, committed 79564K, reserved 1118208K
  class space    used 9215K, capacity 10232K, committed 10240K, reserved 1048576K
}
Event: 4563.591 GC heap after
{Heap after GC invocations=26 (full 0):
 garbage-first heap   total 189440K, used 36827K [0x0000000080200000, 0x0000000100000000)
  region size 1024K, 7 young (7168K), 7 survivors (7168K)
 Metaspace       used 77015K, capacity 79516K, committed 79564K, reserved 1118208K
  class space    used 9215K, capacity 10232K, committed 10240K, reserved 1048576K
}
Event: 5186.192 GC heap before
{Heap before GC invocations=26 (full 0):
 garbage-first heap   total 189440K, used 143323K [0x0000000080200000, 0x0000000100000000)
  region size 1024K, 111 young (113664K), 7 survivors (7168K)
 Metaspace       used 77055K, capacity 79582K, committed 79820K, reserved 1118208K
  class space    used 9215K, capacity 10232K, committed 10240K, reserved 1048576K
}
Event: 5186.201 GC heap after
{Heap after GC invocations=27 (full 0):
 garbage-first heap   total 189440K, used 37131K [0x0000000080200000, 0x0000000100000000)
  region size 1024K, 7 young (7168K), 7 survivors (7168K)
 Metaspace       used 77055K, capacity 79582K, committed 79820K, reserved 1118208K
  class space    used 9215K, capacity 10232K, committed 10240K, reserved 1048576K
}
Event: 5487.192 GC heap before
{Heap before GC invocations=27 (full 0):
 garbage-first heap   total 189440K, used 143627K [0x0000000080200000, 0x0000000100000000)
  region size 1024K, 111 young (113664K), 7 survivors (7168K)
 Metaspace       used 77094K, capacity 79594K, committed 79820K, reserved 1118208K
  class space    used 9216K, capacity 10234K, committed 10240K, reserved 1048576K
}
Event: 5487.201 GC heap after
{Heap after GC invocations=28 (full 0):
 garbage-first heap   total 189440K, used 37124K [0x0000000080200000, 0x0000000100000000)
  region size 1024K, 7 young (7168K), 7 survivors (7168K)
 Metaspace       used 77094K, capacity 79594K, committed 79820K, reserved 1118208K
  class space    used 9216K, capacity 10234K, committed 10240K, reserved 1048576K
}

Deoptimization events (10 events):
Event: 5720.742 Thread 0x000001c1a003d800 Uncommon trap: reason=unstable_if action=reinterpret pc=0x000001c18fe2f534 method=java.util.concurrent.ConcurrentMap.computeIfAbsent(Ljava/lang/Object;Ljava/util/function/Function;)Ljava/lang/Object; @ 41 c2
Event: 5720.744 Thread 0x000001c1a003d800 Uncommon trap: reason=null_check action=make_not_entrant pc=0x000001c18ff1ed5c method=java.lang.Class.reflectionData()Ljava/lang/Class$ReflectionData; @ 18 c2
Event: 5720.744 Thread 0x000001c1a003d800 Uncommon trap: reason=null_check action=make_not_entrant pc=0x000001c18feb5960 method=java.lang.Class.reflectionData()Ljava/lang/Class$ReflectionData; @ 18 c2
Event: 5720.754 Thread 0x000001c1a003d800 Uncommon trap: reason=null_check action=make_not_entrant pc=0x000001c18fee0814 method=java.lang.Class.reflectionData()Ljava/lang/Class$ReflectionData; @ 18 c2
Event: 5720.766 Thread 0x000001c19e9af800 Uncommon trap: reason=class_check action=maybe_recompile pc=0x000001c19014ff6c method=java.util.stream.StreamOpFlag.fromCharacteristics(Ljava/util/Spliterator;)I @ 14 c2
Event: 5720.769 Thread 0x000001c1a003d800 Uncommon trap: reason=null_check action=make_not_entrant pc=0x000001c18fffb890 method=org.springframework.util.ConcurrentReferenceHashMap$SoftEntryReference.get()Lorg/springframework/util/ConcurrentReferenceHashMap$Entry; @ 4 c2
Event: 5720.786 Thread 0x000001c1a003d800 Uncommon trap: reason=unstable_if action=reinterpret pc=0x000001c19025e728 method=org.bson.BsonBinaryReader.readBsonType()Lorg/bson/BsonType; @ 267 c2
Event: 5720.819 Thread 0x000001c19e9af800 Uncommon trap: reason=unstable_if action=reinterpret pc=0x000001c19028b7e8 method=org.bson.BsonBinaryReader.doSkipValue()V @ 55 c2
Event: 5720.820 Thread 0x000001c19e9af800 Uncommon trap: reason=unstable_if action=reinterpret pc=0x000001c18ff0fe94 method=org.bson.AbstractBsonReader.setStateOnEnd()V @ 14 c2
Event: 5720.994 Thread 0x000001c19e9af800 Uncommon trap: reason=unstable_if action=reinterpret pc=0x000001c18fd9b308 method=java.nio.DirectByteBuffer.put([BII)Ljava/nio/ByteBuffer; @ 8 c2

Classes redefined (0 events):
No events

Internal exceptions (10 events):
Event: 5720.769 Thread 0x000001c1a003d800 Implicit null exception at 0x000001c18fffb676 to 0x000001c18fffb87a
Event: 5720.847 Thread 0x000001c19e9af800 Exception <a 'java/lang/NoSuchMethodError'{0x0000000088dbe9a8}: java.lang.invoke.DirectMethodHandle$Holder.invokeVirtual(Ljava/lang/Object;Ljava/lang/Object;Ljava/lang/Object;Ljava/lang/Object;Ljava/lang/Object;)Ljava/lang/Object;> (0x0000000088dbe9a8) th
Event: 5720.899 Thread 0x000001c19e9af800 Exception <a 'java/lang/NoSuchMethodError'{0x0000000088c25328}: java.lang.invoke.Invokers$Holder.invoke_MT(Ljava/lang/Object;Ljava/lang/Object;Ljava/lang/Object;Ljava/lang/Object;)V> (0x0000000088c25328) thrown at [t:/workspace/open/src/hotspot/share/inte
Event: 5720.903 Thread 0x000001c19e9af800 Exception <a 'java/lang/NoSuchMethodError'{0x0000000088c2f148}: java.lang.invoke.DelegatingMethodHandle$Holder.reinvoke_L(Ljava/lang/Object;Ljava/lang/Object;I)J> (0x0000000088c2f148) thrown at [t:/workspace/open/src/hotspot/share/interpreter/linkResolver
Event: 5720.910 Thread 0x000001c19e9af800 Exception <a 'java/lang/NoSuchMethodError'{0x0000000088c38138}: java.lang.invoke.DelegatingMethodHandle$Holder.reinvoke_L(Ljava/lang/Object;Ljava/lang/Object;J)V> (0x0000000088c38138) thrown at [t:/workspace/open/src/hotspot/share/interpreter/linkResolver
Event: 5720.915 Thread 0x000001c19e9af800 Exception <a 'java/lang/IncompatibleClassChangeError'{0x0000000088c47fd8}: Found class java.lang.Object, but interface was expected> (0x0000000088c47fd8) thrown at [t:/workspace/open/src/hotspot/share/interpreter/linkResolver.cpp, line 856]
Event: 5720.916 Thread 0x000001c19e9af800 Exception <a 'java/lang/NoSuchMethodError'{0x0000000088c4c040}: java.lang.invoke.DirectMethodHandle$Holder.invokeSpecialIFC(Ljava/lang/Object;Ljava/lang/Object;Ljava/lang/Object;)I> (0x0000000088c4c040) thrown at [t:/workspace/open/src/hotspot/share/inter
Event: 5720.921 Thread 0x000001c19e9af800 Exception <a 'java/lang/NoSuchMethodError'{0x0000000088c5f560}: java.lang.invoke.DelegatingMethodHandle$Holder.reinvoke_L(Ljava/lang/Object;Ljava/lang/Object;I)D> (0x0000000088c5f560) thrown at [t:/workspace/open/src/hotspot/share/interpreter/linkResolver
Event: 5720.922 Thread 0x000001c19e9af800 Exception <a 'java/lang/NoSuchMethodError'{0x0000000088c68550}: java.lang.invoke.DelegatingMethodHandle$Holder.reinvoke_L(Ljava/lang/Object;Ljava/lang/Object;D)V> (0x0000000088c68550) thrown at [t:/workspace/open/src/hotspot/share/interpreter/linkResolver
Event: 5720.931 Thread 0x000001c19e9af800 Exception <a 'java/lang/NoSuchMethodError'{0x0000000088c94c98}: java.lang.invoke.DelegatingMethodHandle$Holder.reinvoke_L(Ljava/lang/Object;Ljava/lang/Object;I)V> (0x0000000088c94c98) thrown at [t:/workspace/open/src/hotspot/share/interpreter/linkResolver

Events (10 events):
Event: 5720.976 Executing VM operation: RevokeBias done
Event: 5720.976 loading class org/apache/coyote/Constants
Event: 5720.976 loading class org/apache/coyote/Constants done
Event: 5720.994 Thread 0x000001c19e9af800 Uncommon trap: trap_request=0xffffff4d fr.pc=0x000001c18fd9b308 relative=0x00000000000002a8
Event: 5720.994 Thread 0x000001c19e9af800 DEOPT PACKING pc=0x000001c18fd9b308 sp=0x0000009178efc650
Event: 5720.994 Thread 0x000001c19e9af800 DEOPT UNPACKING pc=0x000001c188258f2f sp=0x0000009178efc578 mode 2
Event: 5721.001 Executing VM operation: RevokeBias
Event: 5721.006 Executing VM operation: RevokeBias done
Event: 5721.022 Executing VM operation: RevokeBias
Event: 5721.022 Executing VM operation: RevokeBias done


Dynamic libraries:
0x00007ff72d090000 - 0x00007ff72d0d5000 	C:\jdk-11\bin\java.exe
0x00007ff8b16b0000 - 0x00007ff8b18a7000 	C:\Windows\SYSTEM32\ntdll.dll
0x00007ff8b09f0000 - 0x00007ff8b0aad000 	C:\Windows\System32\KERNEL32.DLL
0x00007ff8aef70000 - 0x00007ff8af23d000 	C:\Windows\System32\KERNELBASE.dll
0x00007ff8b0810000 - 0x00007ff8b08be000 	C:\Windows\System32\ADVAPI32.DLL
0x00007ff8b15d0000 - 0x00007ff8b166e000 	C:\Windows\System32\msvcrt.dll
0x00007ff8b0770000 - 0x00007ff8b080c000 	C:\Windows\System32\sechost.dll
0x00007ff8afcb0000 - 0x00007ff8afdd5000 	C:\Windows\System32\RPCRT4.dll
0x00007ff8b0520000 - 0x00007ff8b06c0000 	C:\Windows\System32\USER32.dll
0x00007ff8af340000 - 0x00007ff8af362000 	C:\Windows\System32\win32u.dll
0x00007ff8b0740000 - 0x00007ff8b076a000 	C:\Windows\System32\GDI32.dll
0x00007ff8af5d0000 - 0x00007ff8af6db000 	C:\Windows\System32\gdi32full.dll
0x00007ff8aee60000 - 0x00007ff8aeefd000 	C:\Windows\System32\msvcp_win.dll
0x00007ff8af240000 - 0x00007ff8af340000 	C:\Windows\System32\ucrtbase.dll
0x00007ff893a00000 - 0x00007ff893c9a000 	C:\Windows\WinSxS\amd64_microsoft.windows.common-controls_6595b64144ccf1df_6.0.19041.1110_none_60b5254171f9507e\COMCTL32.dll
0x00007ff8b1410000 - 0x00007ff8b1440000 	C:\Windows\System32\IMM32.DLL
0x00007ff8aebe0000 - 0x00007ff8aec1b000 	C:\Program Files\Citrix\HDX\bin\MfApHook.dll
0x00007ff8aeb20000 - 0x00007ff8aeb30000 	C:\Program Files\Citrix\HDX\bin\FullScreenHook.dll
0x00007ff87e4d0000 - 0x00007ff87e57a000 	C:\jdk-11\bin\MSVCP140.dll
0x00007ff8aeb10000 - 0x00007ff8aeb1c000 	C:\Windows\SYSTEM32\VCRUNTIME140_1.dll
0x00007ff882df0000 - 0x00007ff882e06000 	C:\jdk-11\bin\VCRUNTIME140.dll
0x00007ff8ae980000 - 0x00007ff8ae9ad000 	C:\Program Files\Citrix\HDX\bin\ShellHook.dll
0x00007ff8b1510000 - 0x00007ff8b1565000 	C:\Windows\System32\SHLWAPI.dll
0x00007ff8ae850000 - 0x00007ff8ae979000 	C:\Program Files\Citrix\HDX\bin\SCardHook.dll
0x00007ff8ae7f0000 - 0x00007ff8ae80e000 	C:\Program Files\Citrix\HDX\bin\CxInjIme.dll
0x00007ff8ae770000 - 0x00007ff8ae798000 	C:\Program Files\Citrix\HDX\bin\PicaWtsHook.dll
0x00007ff858b30000 - 0x00007ff859671000 	C:\jdk-11\bin\server\jvm.dll
0x00007ff8b0c20000 - 0x00007ff8b0c28000 	C:\Windows\System32\PSAPI.DLL
0x00007ff8aaf90000 - 0x00007ff8aaf99000 	C:\Windows\SYSTEM32\WSOCK32.dll
0x00007ff8b13a0000 - 0x00007ff8b140b000 	C:\Windows\System32\WS2_32.dll
0x00007ff8ae9d0000 - 0x00007ff8ae9da000 	C:\Windows\SYSTEM32\VERSION.dll
0x00007ff8a8f90000 - 0x00007ff8a8fb7000 	C:\Windows\SYSTEM32\WINMM.dll
0x00007ff8ad210000 - 0x00007ff8ad222000 	C:\Windows\SYSTEM32\kernel.appcore.dll
0x00007ff882730000 - 0x00007ff882741000 	C:\jdk-11\bin\verify.dll
0x00007ff8ac580000 - 0x00007ff8ac764000 	C:\Windows\SYSTEM32\DBGHELP.DLL
0x00007ff895060000 - 0x00007ff89508c000 	C:\Windows\SYSTEM32\dbgcore.DLL
0x00007ff8aedd0000 - 0x00007ff8aee52000 	C:\Windows\System32\bcryptPrimitives.dll
0x00007ff881aa0000 - 0x00007ff881ac8000 	C:\jdk-11\bin\java.dll
0x00007ff889710000 - 0x00007ff88973f000 	C:\jdk-11\bin\instrument.dll
0x00007ff881a80000 - 0x00007ff881a96000 	C:\jdk-11\bin\zip.dll
0x00007ff891d40000 - 0x00007ff891d4a000 	C:\jdk-11\bin\jimage.dll
0x00007ff8b0c30000 - 0x00007ff8b1374000 	C:\Windows\System32\SHELL32.dll
0x00007ff8ac770000 - 0x00007ff8acf04000 	C:\Windows\SYSTEM32\windows.storage.dll
0x00007ff8af8c0000 - 0x00007ff8afc14000 	C:\Windows\System32\combase.dll
0x00007ff8ae370000 - 0x00007ff8ae39c000 	C:\Windows\SYSTEM32\Wldp.dll
0x00007ff8b0b70000 - 0x00007ff8b0c1d000 	C:\Windows\System32\SHCORE.dll
0x00007ff8aed10000 - 0x00007ff8aed2f000 	C:\Windows\SYSTEM32\profapi.dll
0x00007ff881760000 - 0x00007ff881779000 	C:\jdk-11\bin\net.dll
0x00007ff8a86a0000 - 0x00007ff8a87aa000 	C:\Windows\SYSTEM32\WINHTTP.dll
0x00007ff8ae080000 - 0x00007ff8ae0ea000 	C:\Windows\system32\mswsock.dll
0x00007ff881740000 - 0x00007ff881753000 	C:\jdk-11\bin\nio.dll
0x00007ff892880000 - 0x00007ff89289a000 	C:\Program Files\JetBrains\IntelliJ IDEA Community Edition 2022.1.2\bin\breakgen64.dll
0x00007ff8add80000 - 0x00007ff8addbb000 	C:\Windows\SYSTEM32\IPHLPAPI.DLL
0x00007ff8b08c0000 - 0x00007ff8b08c8000 	C:\Windows\System32\NSI.dll
0x00007ff8a8bc0000 - 0x00007ff8a8bd7000 	C:\Windows\SYSTEM32\dhcpcsvc6.DLL
0x00007ff8a8ba0000 - 0x00007ff8a8bbd000 	C:\Windows\SYSTEM32\dhcpcsvc.DLL
0x00007ff8addc0000 - 0x00007ff8ade8b000 	C:\Windows\SYSTEM32\DNSAPI.dll
0x00007ff8a72e0000 - 0x00007ff8a72ea000 	C:\Windows\System32\rasadhlp.dll
0x00007ff8a8b10000 - 0x00007ff8a8b90000 	C:\Windows\System32\fwpuclnt.dll
0x00007ff8af6e0000 - 0x00007ff8af707000 	C:\Windows\System32\bcrypt.dll
0x00007ff88b670000 - 0x00007ff88b679000 	C:\jdk-11\bin\management.dll
0x00007ff889810000 - 0x00007ff88981c000 	C:\jdk-11\bin\management_ext.dll
0x00007ff8a1ae0000 - 0x00007ff8a1af7000 	C:\Windows\system32\napinsp.dll
0x00007ff8a1ac0000 - 0x00007ff8a1adb000 	C:\Windows\system32\pnrpnsp.dll
0x00007ff8a7c50000 - 0x00007ff8a7c6d000 	C:\Windows\system32\NLAapi.dll
0x00007ff8a1b20000 - 0x00007ff8a1b32000 	C:\Windows\System32\winrnr.dll
0x00007ff8a3df0000 - 0x00007ff8a3e05000 	C:\Windows\system32\wshbth.dll
0x00007ff8ae280000 - 0x00007ff8ae298000 	C:\Windows\SYSTEM32\CRYPTSP.dll
0x00007ff8ada10000 - 0x00007ff8ada44000 	C:\Windows\system32\rsaenh.dll
0x00007ff8aec90000 - 0x00007ff8aecbe000 	C:\Windows\SYSTEM32\USERENV.dll
0x00007ff8ae270000 - 0x00007ff8ae27c000 	C:\Windows\SYSTEM32\CRYPTBASE.dll
0x00007ff883190000 - 0x00007ff8831b7000 	C:\jdk-11\bin\sunec.dll
0x00007ff8a9c10000 - 0x00007ff8a9c1d000 	C:\jdk-11\bin\sunmscapi.dll
0x00007ff8af470000 - 0x00007ff8af5c6000 	C:\Windows\System32\CRYPT32.dll
0x00007ff8ae3e0000 - 0x00007ff8ae407000 	C:\Windows\SYSTEM32\ncrypt.dll
0x00007ff8ae3a0000 - 0x00007ff8ae3db000 	C:\Windows\SYSTEM32\NTASN1.dll

dbghelp: loaded successfully - version: 4.0.5 - missing functions: none
symbol engine: initialized successfully - sym options: 0x614 - pdb path: .;C:\jdk-11\bin;C:\Windows\SYSTEM32;C:\Windows\WinSxS\amd64_microsoft.windows.common-controls_6595b64144ccf1df_6.0.19041.1110_none_60b5254171f9507e;C:\Program Files\Citrix\HDX\bin;C:\jdk-11\bin\server;C:\Program Files\JetBrains\IntelliJ IDEA Community Edition 2022.1.2\bin

VM Arguments:
jvm_args: -javaagent:C:\Program Files\JetBrains\IntelliJ IDEA Community Edition 2022.1.2\lib\idea_rt.jar=59930:C:\Program Files\JetBrains\IntelliJ IDEA Community Edition 2022.1.2\bin -Dfile.encoding=UTF-8 
java_command: webshop.webshop.OrdersQueryApplication
java_class_path (initial): C:\Users\614135\Desktop\SA\Project\ordersQuery\target\classes;C:\Users\614135\.m2\repository\org\springframework\boot\spring-boot-starter-data-mongodb\2.7.2\spring-boot-starter-data-mongodb-2.7.2.jar;C:\Users\614135\.m2\repository\org\springframework\boot\spring-boot-starter\2.7.2\spring-boot-starter-2.7.2.jar;C:\Users\614135\.m2\repository\org\springframework\boot\spring-boot\2.7.2\spring-boot-2.7.2.jar;C:\Users\614135\.m2\repository\org\springframework\boot\spring-boot-autoconfigure\2.7.2\spring-boot-autoconfigure-2.7.2.jar;C:\Users\614135\.m2\repository\org\springframework\boot\spring-boot-starter-logging\2.7.2\spring-boot-starter-logging-2.7.2.jar;C:\Users\614135\.m2\repository\ch\qos\logback\logback-classic\1.2.11\logback-classic-1.2.11.jar;C:\Users\614135\.m2\repository\ch\qos\logback\logback-core\1.2.11\logback-core-1.2.11.jar;C:\Users\614135\.m2\repository\org\apache\logging\log4j\log4j-to-slf4j\2.17.2\log4j-to-slf4j-2.17.2.jar;C:\Users\614135\.m2\repository\org\apache\logging\log4j\log4j-api\2.17.2\log4j-api-2.17.2.jar;C:\Users\614135\.m2\repository\org\slf4j\jul-to-slf4j\1.7.36\jul-to-slf4j-1.7.36.jar;C:\Users\614135\.m2\repository\jakarta\annotation\jakarta.annotation-api\1.3.5\jakarta.annotation-api-1.3.5.jar;C:\Users\614135\.m2\repository\org\yaml\snakeyaml\1.30\snakeyaml-1.30.jar;C:\Users\614135\.m2\repository\org\mongodb\mongodb-driver-sync\4.6.1\mongodb-driver-sync-4.6.1.jar;C:\Users\614135\.m2\repository\org\mongodb\bson\4.6.1\bson-4.6.1.jar;C:\Users\614135\.m2\repository\org\mongodb\mongodb-driver-core\4.6.1\mongodb-driver-core-4.6.1.jar;C:\Users\614135\.m2\repository\org\mongodb\bson-record-codec\4.6.1\bson-record-codec-4.6.1.jar;C:\Users\614135\.m2\repository\org\springframework\data\spring-data-mongodb\3.4.2\spring-data-mongodb-3.4.2.jar;C:\Users\614135\.m2\repository\org\springframework\spring-beans\5.3.22\spring-beans-5.3.22.jar;C:\Users\614135\.m2\repository\org\springframework\spring-expression\5.3.22\spring-expr
Launcher Type: SUN_STANDARD

[Global flags]
     intx CICompilerCount                          = 3                                         {product} {ergonomic}
     uint ConcGCThreads                            = 1                                         {product} {ergonomic}
     uint G1ConcRefinementThreads                  = 4                                         {product} {ergonomic}
   size_t G1HeapRegionSize                         = 1048576                                   {product} {ergonomic}
    uintx GCDrainStackTargetSize                   = 64                                        {product} {ergonomic}
   size_t InitialHeapSize                          = 134217728                                 {product} {ergonomic}
   size_t MarkStackSize                            = 4194304                                   {product} {ergonomic}
   size_t MaxHeapSize                              = 2145386496                                {product} {ergonomic}
   size_t MaxNewSize                               = 1286602752                                {product} {ergonomic}
   size_t MinHeapDeltaBytes                        = 1048576                                   {product} {ergonomic}
    uintx NonNMethodCodeHeapSize                   = 5830092                                {pd product} {ergonomic}
    uintx NonProfiledCodeHeapSize                  = 122914074                              {pd product} {ergonomic}
    uintx ProfiledCodeHeapSize                     = 122914074                              {pd product} {ergonomic}
    uintx ReservedCodeCacheSize                    = 251658240                              {pd product} {ergonomic}
     bool SegmentedCodeCache                       = true                                      {product} {ergonomic}
     bool UseCompressedClassPointers               = true                                 {lp64_product} {ergonomic}
     bool UseCompressedOops                        = true                                 {lp64_product} {ergonomic}
     bool UseG1GC                                  = true                                      {product} {ergonomic}
     bool UseLargePagesIndividualAllocation        = false                                  {pd product} {ergonomic}

Logging:
Log output configuration:
 #0: stdout all=warning uptime,level,tags
 #1: stderr all=off uptime,level,tags

Environment Variables:
JAVA_HOME=C:\jdk-11
PATH=C:\jdk-11;C:\Program Files (x86)\Common Files\Oracle\Java\javapath;C:\Windows\system32;C:\Windows;C:\Windows\System32\Wbem;C:\Windows\System32\WindowsPowerShell\v1.0\;C:\Windows\System32\OpenSSH\;C:\Program Files (x86)\Citrix\HDX\bin\;C:\Program Files\Citrix\HDX\bin\;C:\Program Files\Citrix\Virtual Desktop Agent\;C:\Program Files\Citrix\Citrix Files\;C:\Program Files (x86)\Citrix\Workspace Environment Management Agent;C:\Users\614135\AppData\Local\Microsoft\WindowsApps;
USERNAME=614135
OS=Windows_NT
PROCESSOR_IDENTIFIER=Intel64 Family 6 Model 85 Stepping 7, GenuineIntel



---------------  S Y S T E M  ---------------

OS: Windows 10 , 64 bit Build 19041 (10.0.19041.1741)

CPU:total 4 (initial active 4) (4 cores per cpu, 1 threads per core) family 6 model 85 stepping 7, cmov, cx8, fxsr, mmx, sse, sse2, sse3, ssse3, sse4.1, sse4.2, popcnt, avx, avx2, aes, clmul, erms, 3dnowpref, lzcnt, tsc, bmi1, bmi2, adx, fma

Memory: 4k page, system-wide physical 8183M (298M free)
TotalPageFile size 19622M (AvailPageFile size 2M)
current process WorkingSet (physical memory assigned to process): 279M, peak: 383M
current process commit charge ("private bytes"): 430M, peak: 446M

vm_info: OpenJDK 64-Bit Server VM (11+28) for windows-amd64 JRE (11+28), built on Aug 23 2018 03:04:58 by "mach5one" with MS VC++ 15.5 (VS2017)

END.
